[debug] [2023-06-13T19:24:40.871Z] ----------------------------------------------------------------------
[debug] [2023-06-13T19:24:40.873Z] Command:       C:\Program Files\nodejs\node.exe C:\Users\piper\AppData\Roaming\npm\node_modules\firebase-tools\lib\bin\firebase.js init
[debug] [2023-06-13T19:24:40.873Z] CLI Version:   12.3.1
[debug] [2023-06-13T19:24:40.873Z] Platform:      win32
[debug] [2023-06-13T19:24:40.874Z] Node Version:  v18.16.0
[debug] [2023-06-13T19:24:40.875Z] Time:          Tue Jun 13 2023 15:24:40 GMT-0400 (Eastern Daylight Time)
[debug] [2023-06-13T19:24:40.875Z] ----------------------------------------------------------------------
[debug] 
[debug] [2023-06-13T19:24:40.881Z] > command requires scopes: ["email","openid","https://www.googleapis.com/auth/cloudplatformprojects.readonly","https://www.googleapis.com/auth/firebase","https://www.googleapis.com/auth/cloud-platform"]
[debug] [2023-06-13T19:24:40.882Z] > authorizing via signed-in user (jadenmengl@gmail.com)
[info] 
     ######## #### ########  ######## ########     ###     ######  ########
     ##        ##  ##     ## ##       ##     ##  ##   ##  ##       ##
     ######    ##  ########  ######   ########  #########  ######  ######
     ##        ##  ##    ##  ##       ##     ## ##     ##       ## ##
     ##       #### ##     ## ######## ########  ##     ##  ######  ########

You're about to initialize a Firebase project in this directory:

  C:\Users\piper\OneDrive\Desktop\web-app-dev\firebase-tutorial

[info] 
=== Project Setup
[info] 
[info] First, let's associate this project directory with a Firebase project.
[info] You can create multiple project aliases by running firebase use --add, 
[info] but for now we'll just set up a default project.
[info] 
[debug] [2023-06-13T19:25:24.860Z] >>> [apiv2][query] GET https://firebase.googleapis.com/v1beta1/projects pageSize=100
[debug] [2023-06-13T19:25:26.748Z] <<< [apiv2][status] GET https://firebase.googleapis.com/v1beta1/projects 200
[debug] [2023-06-13T19:25:26.748Z] <<< [apiv2][body] GET https://firebase.googleapis.com/v1beta1/projects [omitted]
[info] i  Using project fir-tutorial-1c023 (firebase-tutorial) 
[info] 
=== Hosting Setup
[info] 
[info] Your public directory is the folder (relative to your project directory) that
[info] will contain Hosting assets to be uploaded with firebase deploy. If you
[info] have a build process for your assets, use your build's output directory.
[info] 
[info] +  Wrote public/404.html 
[debug] [2023-06-13T19:26:55.647Z] >>> [apiv2][query] GET https://www.gstatic.com/firebasejs/releases.json [none]
[debug] [2023-06-13T19:26:55.788Z] <<< [apiv2][status] GET https://www.gstatic.com/firebasejs/releases.json 200
[debug] [2023-06-13T19:26:55.788Z] <<< [apiv2][body] GET https://www.gstatic.com/firebasejs/releases.json {"current":{"version":"9.22.2","browserURL":"https://www.gstatic.com/firebasejs/9.22.2/firebase.js","packageURL":"https://www.gstatic.com/firebasejs/9.22.2/firebase.tgz"},"live":{"version":"9.22","browserURL":"https://www.gstatic.com/firebasejs/live/9.22/firebase.js","packageURL":"https://www.gstatic.com/firebasejs/live/9.22/firebase.tgz"},"components":{"analytics":"https://www.gstatic.com/firebasejs/9.22.2/firebase-analytics.js","app":"https://www.gstatic.com/firebasejs/9.22.2/firebase-app.js","app-check":"https://www.gstatic.com/firebasejs/9.22.2/firebase-app-check.js","auth":"https://www.gstatic.com/firebasejs/9.22.2/firebase-auth.js","auth/cordova":"https://www.gstatic.com/firebasejs/9.22.2/firebase-auth/cordova.js","auth/react-native":"https://www.gstatic.com/firebasejs/9.22.2/firebase-auth/react-native.js","functions":"https://www.gstatic.com/firebasejs/9.22.2/firebase-functions.js","firestore":"https://www.gstatic.com/firebasejs/9.22.2/firebase-firestore.js","firestore/lite":"https://www.gstatic.com/firebasejs/9.22.2/firebase-firestore/lite.js","installations":"https://www.gstatic.com/firebasejs/9.22.2/firebase-installations.js","storage":"https://www.gstatic.com/firebasejs/9.22.2/firebase-storage.js","performance":"https://www.gstatic.com/firebasejs/9.22.2/firebase-performance.js","remote-config":"https://www.gstatic.com/firebasejs/9.22.2/firebase-remote-config.js","messaging":"https://www.gstatic.com/firebasejs/9.22.2/firebase-messaging.js","messaging/sw":"https://www.gstatic.com/firebasejs/9.22.2/firebase-messaging/sw.js","database":"https://www.gstatic.com/firebasejs/9.22.2/firebase-database.js","firestore.memory":"https://www.gstatic.com/firebasejs/9.22.2/firebase-firestore.memory.js"}}
[info] i  Skipping write of public/index.html 
[info] 
[info] i  Detected a .git folder at C:\Users\piper\OneDrive\Desktop\web-app-dev\firebase-tutorial 
[info] i  Authorizing with GitHub to upload your service account to a GitHub repository's secrets store. 
[info] 
[info] Visit this URL on this device to log in:
[info] https://github.com/login/oauth/authorize?client_id=89cf50f02ac6aaed3484&state=814971063&redirect_uri=http%3A%2F%2Flocalhost%3A9005&scope=read%3Auser%20repo%20public_repo
[info] 
[info] Waiting for authentication...
[debug] [2023-06-13T19:27:18.613Z] >>> [apiv2][query] POST https://github.com/login/oauth/access_token [none]
[debug] [2023-06-13T19:27:18.614Z] >>> [apiv2][body] POST https://github.com/login/oauth/access_token [stream]
[debug] [2023-06-13T19:27:19.372Z] <<< [apiv2][status] POST https://github.com/login/oauth/access_token 200
[debug] [2023-06-13T19:27:19.372Z] <<< [apiv2][body] POST https://github.com/login/oauth/access_token {"access_token":"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","token_type":"bearer","scope":"read:user,repo"}
[debug] [2023-06-13T19:27:19.380Z] >>> [apiv2][query] GET https://api.github.com/user [none]
[debug] [2023-06-13T19:27:19.644Z] <<< [apiv2][status] GET https://api.github.com/user 200
[debug] [2023-06-13T19:27:19.644Z] <<< [apiv2][body] GET https://api.github.com/user {"login":"pi-person314","id":93615485,"node_id":"U_kgDOBZR1fQ","avatar_url":"https://avatars.githubusercontent.com/u/93615485?v=4","gravatar_id":"","url":"https://api.github.com/users/pi-person314","html_url":"https://github.com/pi-person314","followers_url":"https://api.github.com/users/pi-person314/followers","following_url":"https://api.github.com/users/pi-person314/following{/other_user}","gists_url":"https://api.github.com/users/pi-person314/gists{/gist_id}","starred_url":"https://api.github.com/users/pi-person314/starred{/owner}{/repo}","subscriptions_url":"https://api.github.com/users/pi-person314/subscriptions","organizations_url":"https://api.github.com/users/pi-person314/orgs","repos_url":"https://api.github.com/users/pi-person314/repos","events_url":"https://api.github.com/users/pi-person314/events{/privacy}","received_events_url":"https://api.github.com/users/pi-person314/received_events","type":"User","site_admin":false,"name":null,"company":null,"blog":"","location":null,"email":null,"hireable":null,"bio":null,"twitter_username":null,"public_repos":0,"public_gists":0,"followers":0,"following":0,"created_at":"2021-11-02T19:21:53Z","updated_at":"2023-06-08T23:32:14Z","private_gists":0,"total_private_repos":0,"owned_private_repos":0,"disk_usage":0,"collaborators":0,"two_factor_authentication":false,"plan":{"name":"free","space":976562499,"collaborators":0,"private_repos":10000}}
[info] 
[info] +  Success! Logged into GitHub as pi-person314 
[info] 
